<?xml version="1.0" encoding="UTF-8"?>
<!-- Generated by org.testng.reporters.JUnitXMLReporter -->
<testsuite ignored="0" hostname="Sadesh-Maheeshakya" failures="0" tests="2" name="Command line test" time="0.97" errors="0" timestamp="2024-01-04T13:08:56 IST">
  <testcase classname="base.DriverBase" name="@BeforeMethod driverInitialize" time="-1.704353935656E9">
    <failure type="org.testng.TestNGException" message="
Parameter &amp;apos;browser&amp;apos; is required by BeforeMethod on method driverInitialize but has not been marked @Optional or defined
">
      <![CDATA[org.testng.TestNGException: 
Parameter 'browser' is required by BeforeMethod on method driverInitialize but has not been marked @Optional or defined

at java.base/java.util.ArrayList.forEach(ArrayList.java:1511)
... Removed 35 stack frames]]>
    </failure>
  </testcase> <!-- @BeforeMethod driverInitialize -->
  <testcase classname="base.DriverBase" name="@AfterMethod mainAfterMethod" time="0.0">
    <skipped/>
  </testcase> <!-- @AfterMethod mainAfterMethod -->
  <testcase classname="base.DriverBase" name="@BeforeMethod driverInitialize" time="0.0">
    <skipped/>
  </testcase> <!-- @BeforeMethod driverInitialize -->
  <testcase classname="base.DriverBase" name="@AfterMethod mainAfterMethod" time="0.0">
    <skipped/>
  </testcase> <!-- @AfterMethod mainAfterMethod -->
  <testcase classname="TestUi" name="test1" time="0.0">
    <skipped/>
  </testcase> <!-- test1 -->
  <testcase classname="TestUi" name="test2" time="0.0">
    <skipped/>
  </testcase> <!-- test2 -->
</testsuite> <!-- Command line test -->
